                                                  .>>^>>>^vv>>>>>>v#..#....v...#......v..^...^.#^#...#....^..<<<<v......v.......#v<v<<^.....^.v...#..^
                                                  <<<<<<<^vv..#...v..#....#v#..#......v.#^..#<<<^<<<<<<<<<<<<v...#...#<<<<<<<<<<<v<v<v^<<<<<^<v<<<<<<^
                                                  ..#^#..^v#......v........v##...#..#.v.^>#..#..^....#....^..#...>#...v.v........v#v.v^...#.^.v......^
                                                  >>><^#.^v>>>>#..v........v#.........v.^.^>>>>>>#..##.#..^......v.#..v.v.#......v.v#<<<<<^>^>v>>>>>>>
                                                  .....^>>##..v...v..#.....v..#..#.#..v.^.^......#.....#..^......v.#..v.v........v.v.v^...^.^.v...#..#
                                                  #....^......v..#v<<<<<<<<v<<<<<<<^..v#<<^<<<<<<<<<<<<<<<^<<<<<<v....v.v........v.v.v^#..^#<<v#......
                                                  ^>>>>>>>>>>>>>>>v>>>>>>>>>>>>>#.#<<<v#..^#.........#...#^......^....v.v.....#..v.v.v^...^.v.#.......
                                                  ^....^......v...v.....v.#v.#.v.#....v...^.....#.........^...#..^....v.v...#....v.v.v^.#.^.v....#....
                                                  ^...#<<<<<<<v<<<v>>>>>>>>>>>>>>>>>>>v>>>>....#....#.....^......^....v.v.......#v.v.v^...^.v.....#...
                                                  ^...........v...#<<<<<v..^...v#.....v....#..............^......^....v>>>>#.....v#v.v^##.^#v.#..#....
                                                  ^.......#..#v....v....#..^...v......v.........#...#.....^...#..^..#.#.#.v#.....v.v.v^^>>>#v......##.
                                                  ^.#...#.....v....v.......^...v#.....v..#...#..#<<<^.#...^.###..^...#v>>>>>>>>>>>>>>>>>>>>>>#..#.#...
                                                  ^<^.........v#...v.......^...v......v#.........v>>^>>#..^......^....#.#.v^...v.v>v>#<^<<^<v<<<<^...#
                                                  ^.^..#<<<<<<v....v.......^...v......v..#.......v.#^.v...^..#...^........v^...v.#.v>>>^#.^.v....^....
                                                  ^.^#<^v.....##...v....###<...v......v>#........v..^.v...^#.....^........v^.#<v...#v..^..^.v....^....
                                                  ^<^<v^v<<<<<<<<<<<<<<<^#.^.#.v.#....#v.........v..^.v...^......^#.......v^#.v#....v..^.#^<v<<<<^<<<<
                                                  ^.^.v^v........#.#.......^...v#......v........#v..^.v.#.^......<^>>>>>>>>>#<v^..#.v..^.#^.v....^....
                                                  ^.^.v^v...##......#......^...v...#.#.v...#....#v..^>>>>>>#......^.......##^>>>>>>>>>>^>>^#v....^....
                                                  ^.^.v^v.......#...#....##^..#v.......v.........v..^.v........#..^.....#.#^^vv>#...v..^#.^.v>>>>>....
                                                  >#<<v^<<<<<<<<^....#.....^...v#......v...#....#v..^.v#..........^...#.#.#<^vv<<<<<v..^.#^.v.#.#.....
                                                  ...#<<<<<<<<<<<<<<<^#.#.#^...v...###.v.#......#v..^.v......#<^>>^>>>>>>>>>^>>>>^>>>>>^>>>#v.....#...
                                                  ....v^v>>>>>>>>#..#<^...#^...v>>>>>>>v>^>>>>>>>v>>>#v.......v^..^.........^v#.#^.....^..#.v.........
                                                  <<<<v>#.....#......#^....^#..#.......v>^>>#...#v....v.......v^..^.#.......^v.#.^....#<<<<<v<<<<<<<<<
                                                  ....#...........#...^....^...........#.^.v.....v..#v>>>>>>>>>>>>><^#......^v...^....#v.#^.v......#..
                                                  #...................^....^.#......#....^#v.....v...#v<<<<<<<v>#...^.......^v...^.....v.#<<v^........
                                                  #..............#....^>>>>^>#.#....^>>>>>#v...#.v....v.......#.#...^..#....^v.##<<<<<<<<^#.v^......#.
                                                  ............#.......^.#..^v.......^.#.#.#v<<<<<v<<<<<<<<<<<<^>>>>>^>>>^>>>>>>>>>>>>#.v.^..v^#......#
                                                  ....................^....^v.......^.....#v.....v>>>>>>>>>>>>>#....^...^#...v..#..#v>>>>>#.v^......#.
                                                  ......##..#...##..#.^....^v>>>>>>#^......v.....#.#..#........#....^...^.#..v....#.#..v....v^........
                                                  .......##...#..#..##^.#..^#.....v.^#.....v..#.........#..#.#......^#.#^<<<<v...##...#<<<<<v>#.......
                                                  ...................#^#^>>>>>>>>>>>>>>>>>#v...#.#....#.............^...^....#.#.....#.v...###....#...
                                                  ........#..##.......^<<<<^<<<<<<v<<^<<<v<v<<v#.#.#...............#<<<<<<<<<^.........v##............
                                                  ....................^....^......v#.^...v#####.....#.....#..........#..^....^.........v#..........#..
                                                  ............#....#..^...#<<<<<<<v.#^..#v...#.....#......#.............^....^#......#.v#....#........
                                                  ...#.#..............^..#..#.....#..^...v..................#........#..^....^.........v#....#........
                                                  ............##.....#^.#..#.........^...v.....#...#.#..................^....^.........v..#...........
                                                  ......#...#.........^..............^...v..................#..........#^....^...#.....v.......#.....#
                                                  ............#.......^..#....##.....^...v.........#.#.......##.........^....^.........v..#.#.........
                                                  #...##..#.....#....#^#.#......#....^...v....#.................#.......^...#<<<<<<<<<<<<<v#.#........
                                                  ..#...#..........#..^<<<<<<<<<<<<<<^.#.v..............................^....v.........#..#.......#...
                                                  ...........#........^.......#......^..#v..##.....#................#..#^....v.....<<<<<<<<<^...#.#...
                                                  ..#...........#.....^..............^.#.v.#...............#......#.....^....v...#.v........^#........
                                                  .....#.....#.#......^..#...#.......^...v.............#.#...........#.#<<<<<v.....v.#......^.#......#
                                                  .....#.#...........#^#.#.....##....^...v..............#...............v....v...#.v......#.^...#...#.
                                                  ..........#.#....#..^..............^...v....##...............#........v....v...>#v......##^.....#...
                                                  ....#..#.#......#...^#.............^#..v#.......................#.....v.#<<v...v.v....#...^.........
                                                  ..#.....#...........^..#...........^...v............###........#X<<<<<<<<v.#...v#v...#.#..^........#
                                                  >>...#...........#..^.#...........#^#..v.#..#....#.#..................v..#....#v^v........^>>#.....^
                                                  .v............#<<^..^.........#..^>^>>>v>..........#.#..#.............v....#.#.v^v.#......^.v#.#...^
                                                  .v.............v.^..^..##...#.#.#^.^...vv......#.....#..^>>>>>>>#.....v.......#v^v.>#.....^.v.#....^
                                                  .v#............v.^..^............^.^...vv##.......                                                  
                                                  .v.....#.......v.^.#<.........#..^.^.#<vv^........                                                  
                                                  .v....#....#.#<v<<<<<<<<<<<<<<<<<<<^<^v<v^..#.....                                                  
                                                  .v..#.........vv..#..........#...^#^.^v.#^........                                                  
                                                  .v............vv........#.....#..^.^.^v..^.....#..                                                  
                                                  <<<<<<<<<<<<<<vv........#<<<<<<<<<<^<^v<<<<<<<<<<<                                                  
                                                  .v............#v..#....#.v..#....^#^.^v..^....#...                                                  
                                                  .v...........#^v>>>>>>#..v.#.....^^^#^v#.^........                                                  
                                                  <<<^..........^v.....v...v...<<<<^^<<<v##<<<<<<<<<                                                  
                                                  .v.^....#.#..#<v<<<<<v<<<v<<<v...^^^.^#<..........                                                  
                                                  .v.^..........vv.....#...v...#...^^^.^.v..........                                                  
                                                  .v.^.......#..vv.........v.......^^^.^.v..........                                                  
                                                  .v.^..........vv........#v#.#....^^^.^.v..........                                                  
                                                  #v>>#.........vv>>>>>>>>>>>>>>>>>>>>#^.v......#...                                                  
                                                  ^#..##........v#<........v#..#..#<<<<^<<<<<<<<<<<<                                                  
                                                  ^..#....#...#.v.v..#.....v...^>>>v>##^.v......^...                                                  
                                                  ^.#........#..v.v..#...#.v...^...v.#.^.v.#....^...                                                  
                                                  ^##<<<<<<<<<<<^.v......^>v>>>^#..v#..^.v......^...                                                  
                                                  ^..v.....##...^.v##....^.v..#<<<<v>>>>#v....#.^#..                                                  
                                                  ^#.v..........^.v......^.v...v^..#..##.v......^...                                                  
                                                  ^..v..........^.v..#...^.v...v^...##^>>v##....^...                                                  
                                                  ^..v.....#....^#v......^.v.#.v>#....^.#v.....#^#..                                                  
                                                  ^..v...#......^.v...##.^.v#..#.....#^..v..#...^...                                                  
                                                  ^..v......#.#.^.v#<<<<<^>v>>>>>>>>>>>#.v..#...^...                                                  
                                                  <<<v......##<<^<<<v<<<<^<<<<<<<<<<<<<<<<<<^...^..#                                                  
                                                  v.##........v.^.v.v..^.^.v.#......#.^..v#.^.#.^..#                                                  
                                                  v>#........#v.^.v.v..^.^.v....#<<<<<<<<<<<<<<<<<<<                                                  
                                                  <v>>>>>>>>>>v>^>v<v<<<<^<v.....v>>>>>>#v..^.^...#<                                                  
                                                  .#...#......v.^.v#v#.^.^.#.......#v..v.v..^.^.#..#                                                  
                                                  .......#....v.^.v^v>>>#^#<<<<<<<<^v..v.v..^.^#....                                                  
                                                  ............v.^.v<v^.v.^.v.......^v..v.^>>>#^..#..                                                  
                                                  .#...#..#...v.^.vv#<<v<^<v#.#.#..^v..v>>.##<^<<^..                                                  
                                                  ##..........v#^<<v^#.v.^.##<<<^..^v..#<v<<<v^>>^#.                                                  
                                                  ^.....#.....v.^.#v...v.^.#.v..^.#<<<<^vv>>>#^<<<<<                                                  
                                                  ^##........#v.^..v..#v<^<<<v.#^.^>>>>>#v.#v.^..^..                                                  
                                                  ^#....#.#...v.^..v...v.^..##.#^.^#v....v..v.^..^..                                                  
                                                  ^....#^>>>>>>>^#.v...v#<<<<^<^^.^#v....v.#v.^.#^..                                                  
                                                  ^.......^...v.^.#v>>>>>>##.^.^^.^.v..##v.#v>>#^>#.                                                  
                                                  ^.......^...v.^..#<<<v>v>>>^>>>>>>>>>>>v#>#.#.^###                                                  
                                                  ^.......^...v.^...v..#^v...^#<<<<<<<<<<v<<^.#.^...                                                  
                                                  ^..#..#.^...v.^...>#.#<v<<<^<v<<^#v..#.v.v^...^...                                                  
                                                  ^<<<<<<<<<<<<<^<<<<<<<<<<<<<<<<<<<<<<<<v>>>>>>>>>#                                                  
                                                  >#....#.#...v.^.#.v^.^.v..#^.v..^^v..^.##v^>v>^>v>                                                  
                                                  v......#^>>>v>^>>>>^>>>v>>>>>v..^^v..^...#^.v.^.#.                                                  
                                                  v.....#.^.v.v.^...#^.^>>>>>>>>>>>>>>>>#.#.^.v.^...                                                  
                                                  v.#.....^.v>v>^>>##^.^#v...^.v#.^^v#.^....^.v.^...                                                  
                                                  v...#...^.#.v.^.v#.^.^.v##.^.v..^^v^>>#...^.v.^...                                                  
                                                  <<v.....^...v>^>>>>>#^<<<^#<<v<<^^v^<v>#.#<<<<<<<<                                                  
                                                  v.#...#.^....#^.v....^.#.....v#.^^v^##v.....#.^#..                                                  
                                                  v.....#<^<<<<<>#v....^.>#....v.#<^<<^>vv>>>>>#<^#.                                                  
v>v.#^#..v#v...v....v^....#^.#...#^v^v^vv.#^...v^.v.....#v^..#.##.v.#..^.v.....v...^#^^###.#..v.#...                                                  
v<v<<<<<<<<v>>>v>^>>>^>>>>^>>>>#<<<v^v>>>#.^...v^.v...#.#v^.......v....^.v....#v..^>#<^<<^....v.#<<<                                                  
^#v..^^..v.v..#v.^..v^....^...v.v#^v^#^vv..^#..v^.v.#...^>^#......v....^.v..#.^v>#<<<<<<<<<<<<<<<<<<                                                  
^<v<<^<<<<<v<<^v>^>>v^>#..^...v.v.^v^#^vv#.^#..#<<<<^..#<v^#.#....v....^.v.#..^#v....#^<<^<<<<v<<v<<                                                  
^.v.#^^..#.v..^v.^.#v^v...^...v.v.^v^.^vv..^...#v.v.^....#<<<<<<<<<<<<<^<v<^#.^.v.....^.#<<<<<v.#v..                                                  
^>v>>>>..#.v..^v#<<^v^v...^...v.v#^v^#<vv..^....v.v>>##...##......v....>#v...#^.v.#..#^.#<.#..#<^v>>                                                  
^.v...v.#<>v##^v.v.^v^>>>>>#..v>v>>v^>v#v<<^<<<<v.#.....#..#......v...#..v...#<<v<<<<<^<^#.....v^#..                                                  
^>v#..v..v#v..^v#v.^v^>>>>>>#.#.v.^v^.v.v#.^.#..#...#..#..#.......v#.#^>>v>>>>>>v>>>#.^.^.#...#v^^>>                                                  
^<v<<<v<<<<v<<<v^v>>#^v....v^>>>>>>>>#v.v.#^#<<<^>>>>>>>>>>>>>>>>>>>>>>>>v>>>>>>v>>>>>^#<<<<<<^#<^<<                                                  
^#v...v..^.v..^.^v.v.^v...#v^...v.^v^.v.v..^#v..^.............#...v...^..v......v..v.v^...^...v..^..                                                  
^<v<<<<<<<<<<<<<<<<<<<<<<<^>^>#.v.^v^.v.v..^.v..^......#.#...#v>>>>>>>>>>v>>>>>>v>>>>>>#.#<<<<<<<^<<                                                  
^^v>>>v>>>.v..^.^v.v.^v...^#^v<<v.^v^.v.v<<^<v<<^<<<<<<<<^<<<^#...v.#.^#.v......v.#v#v#^>^>>>>>>>^>>                                                  
<<v.##v..^.v>>^>^v>v#^v...^.^v..##^v^#v.v#.^.v..^.....#......^....v...^..v......v#<<<<^#.^....#v.^.#                                                  
v>#..^v>>^>v#.^#<v<v<^<<<<^<^<<<<<<<<<<<v^#^<<<<^<<<<<<<<<<<<<<<<<^#..^##v....#.v#vv.v^..^...#<<<<<<                                                  
#^...^v..^.v.#<^#v##.^v...^.^v....^v^<v<v^<^<v>>^#...........^....^...^..v....#<v<vv<v^<<^<<<<vv#^..                                                  
<<<<<<v..^#v<^>>>v>>>^>>>>^>^>>>>>>v>>v>v^>^>>>>>>>>>>>>>>>>>>>>..^.#.^..v.....vv.vv>>^>>>>>>>v#<^<<                                                  
#^..#^^.#<^v^^...v>>>>#..#<<^<<<<<^v^vv.v^^^............v..#.^.v<<^<^>^>>v#.##.vv.v#.v^..^...#v.v^..                                                  
.^...^^..#^v^^...#^#.#..#...^v.v..^v>>v#v^^^.....#..#...v...#<<v<<^<<<<<<v<<^#.vv.v^>>^>>^#...v.v^..                                                  
#<<<<<^<<<^v>^#...^#.....#..^v.v..^#^vv.v^^^#...........v....v.v..^.^.^.#v<<<<<<<<<<<<<<<<<<<<v>v^..                                                  
.....^^...^#^^....^........#^v.v>#^<^vv<v^^^<<<<<<<<<<<<v....v.v..^.^.^<^v.#<..vv.v^.v^..^....#.v^..                                                  
>>>>>>^>#.^.^^....^.#..#...#^#..v^>#^#v>v^^^....#......##<<<<v<v>>>#^.^.^v..#<<<v>v>>>>#.^.#..^>v^>>                                                  
.....^^v^>>#<^<<<<<<^>>>>>>>>^..v^^.^.##v^^^............^>>>>>>#.#<<<<<<<v<<^v.v#.v^.v...^....^.v^..                                                  
.....^^v^...#^....^.^.......v^#.v<<<<<<<v^><<<<<<<<<<<<<<<<<<<<<<<v>>>>#^v..^v.v..v^.v...^.#..^.v^..                                                  
.....^^v^....^...#^.^.......v^>>>#^.^...#^.........^>>>>>#<<<<v...#.^#v.^v.#<<<<<<v^#v...^....^.v^..                                                  
.....^^v^...#^...^>>^#...#.#v^..v.^.^....^.....#...^....#<v..v#...^>^>v>>v..^v....#<<v..#v>>>>>>>>#.                                                  
#....^^v^....^.#.<<<^<<<<^..v^..v#^#^....^....##...^.....v#..v....^.^#v..v#.^v....#v.##.>#.#.#..#...                                                  
>>>>>>^v>>>>>^#<<v<<<<<<<<<<<<<<<<<<<<<<v<<<<<<<<<<<<<<<<<<<<<<<<<<<<<<<<v>><<<<<<<<<<^>v>>^>>>>>>>>                                                  
>>>>>>^>>#v..^^v>v>>v...#^..#^<<vv^..v..#<#.^......^.#...v^..v....^.^.v..#.##v.....^..^.v>>^>>>>>>>^                                                  
....##<<v#v.#^.v#v^vv>>>>^>>>^#.v#<v#v#..#..^.....#^#>#<<v^.#v#..#^#^<v<<^..#v..#..^..^.^..^.......^                                                  
......#v#.v..^#v.v^v#....<<<<^<<v>##<<^#<^..^......^.v.v.#^..v...#^#<<<<<<<<<v<<<<<<v#^.^..^.......^                                                  
.......v##v..^.v.v^v.....#...^..vv..vvv.v^..^..#.##^.v#v<<^<<v>>>#<<v##..^#.^v.....>#<^.^##^.....#.^                                                  
.#.#..#v#.v..^.<<v^v.....^>#.^..vv..vvv.v^..^......^.v.v.^^..#..v.v^#....^..^v>>>>>#.v^#^..^..#....^                                                  
.......v..v.#<#v>>>>>>>>>^v>>^>>vv<<vvv.v^..^#..###^.v.v#<^<<^>>>>v^>>#..^..^#.##<v^.v^.^..^.#.....^                                                  
#......v..v#.#.v.^^v.....^v>>>##vv..vvv#v^..^.#...^>>v>>>>>>>>>>>>v^>>>>>>>>>>>>>>v>>v^.^.#^.#.....^                                                  
<<<<<<<<<<<^...v.^^v....#^#..v..vv..vvv.v^.#^.#...^^.v.v^.^.#<<<<<v^<<<<<<<<<<<<<<v^.v^>>>>^>>>>>>#<                                                  
<<<<<<<v<<<^<<<v<<<v<<<<<<<<<<<<vv..vvv.v^..^...##<<<v#<<<<<<<<<<<v^#v..#^..^...vv#<<<^<<<<^<<<<<v<v                                                  
...#..#v>>>^>#.#.v^#.#...v.#.v..#v<<vvv.v^..^#..^^>>#v>>>>>>>>>>>>#^.v..^>..^...vv...#^.^..^....#v.v                                                  
>>>#<<>#..#<<<<^>>>>>>>>>>>>>>><^v>>v#v.v^..^...^....#.#v>>>>>>>>v>>>v>>>#.#^..#vv##..^.^.<^<<<<^v>v                                                  
.#v.v>v>>>>>v>v^<<<^<<<<<v<^<vv>^v..v#v.v^..^..#<<<<<^..#.^#.v#..v^..v....#<^...vv....^.^.v^....^v.v                                                  
.#v.#.v...##v.v^.v^^...#.v#^.#v.^v>>v>>>v>#.^.#......^..^>>>>>>>>v>#.v....^v>#..vv...#^.^.v>#<<<<<<v                                                  
>>>>>>v#<<<^>>>^>>>>>>>>>>>^>>v>>##.v.v.vv>>>>^>>>>>>>>>^>>>>v>>>vv#.v#...^v....vv#...^>>>>>>v>>^v>>                                                  
>>#...v#v>>>#.v^.v^^..#.#v.^..v.v...v#v>v#.#^.^...#..^#<<<<<<<<<<vv#.v..#.^v.#<<<<<<<<<<<<<<<v..^v>>                                                  
.v#...v.##....v^.v^^..^>^>>^>>v>v#..v...v..#<<^<<<^#.^#v^v^..v...#v^>>>>>>>v#.v.vv.#..^.^##..#..^#..                                                  
.v....v.#<>#.#v^>>>>#.^#<<<^<<v<v...v...v....#^.#<<<<<<v^v>#.v>>>>v>#v...#^v..v.vv....^#^..##...^...                                                  
.v.#.#v<<<<<<^>^>>>>>#^..v.^..v.v...v#..v#....^.^v>..^.#^v.^>#....v..v....^v>>v>>>>>>>^<v#......^##.                                                  
.v...^>>>>>>>>#^#v^.v#^..v.^..v.v..#v<<<<<<<<<<<<v...^##<v#^v.....v..v>>>>>#..v.v...#.^.#...##..^...                                                  
<v<<<^v<<vv....^.v>#v#^#.v.^.#v#v...v..#v.#.#.^.^#...^.###<<v.#.#.v..#.#......v.v....#<<<<<<<^..^<<<                                                  
.v...^v..v#.#..^##..v#<<<<<^<^v.v...v...v...^>^>>>>>>>>>>^v>##....v...........v#v>>>>>v###...^.#^...                                                  
.v..#^v.#<<<^>>^>>>>v>>#.v.^.^v#v...v...v...^.^.^....^#..^vv..#...v.......#<<<v>>>>>>>v>>>>>>^#.^...                                                  
.v...^v..v^.^<<^<<<<v<v^#v.^.^v.v#..v...v.#.^.^.^....^...^vv......v........v..#.#.....v..^...^..^...                                                  
.v.#.^v.#v^.^#.^##..v.v^.v.^.^v.v...v...v...^#^.^.                                                                                                    
<<<<<<<<<v^#<<<^<<^>v>>>>>#<<^v>>>>>v#.#^>>>>>^#<<                                                                                                    
.v#^.^v.##^.#^.^.^^#v.v^.v.v.^##^...v...^...^.^.v.                                                                                                    
.v.^.^v...^..^>^>>>#v.v^.v.v#^..^...v...^..#<<^<v.                                                                                                    
.v#^.^v...^.#^<^<<<<v<v>>v>v^>#.^.#<v#..^...v#^.##                                                                                                    
<<^^#^v>>>>#.^.^.^..v##<<v>v^v^>>>>>v^>#<<<<<<^<<<                                                                                                    
vv^^.^#.#.v^>>>>#<<<v<<<<v>v^v^.^.^<v^v>#...v#>#.#                                                                                                    
vv^>#^#.^>v^>^>>>>#.v##..##v^v<<<<<<v^v>>#..v.#...                                                                                                    
v#<<^^^>>>>>#^<^<v##v<<<<^>v^v>>>>>>v>#vv...v#^>>>                                                                                                    
>>>>^>^<<v<^>^>^>v>#v#<<<^<v>##.^#^vvv#vv>>>v>>>>>                                                                                                    
v..#<^^.^v#^<^<<<v<<v>>>>^>#^...^.^vvv.#<<<<v#^...                                                                                                    
v....^^.^v.^.^v^.v>.##^..^v.^...^.^vvv..v...^.^...                                                                                                    
v#..#^^#^v.^#^v^.v>>>>>>>>#.^.#.^#<<vv>>v#..^.^...                                                                                                    
>>>>>>>#^v>>#^v^#^v.#.^##v..^..#<<vv#v>>>>>>>>>>>>                                                                                                    
v##.^^v#^..v^^#<<<<<<<^^>v>>^>>>v^v#>#..#..#^#^...                                                                                                    
<<^#^^v.^.#v^^.v.^v<<<^^<v<<^<<<v^v<v<<<<<<<<<<<<<                                                                                                    
v^^.^^v#^..v^^<v#<v<<<^^<v<<^#..v^v.v...#..#^.^...                                                                                                    
v^^>>^v>^>>v>^>#..#<<<<<<v..^..#v^v.v.#.....^.^...                                                                                                    
#<^.^^v.^..v^^v...#v..^^##<<<<<<<<v<v<<<<v#.^#^..#                                                                                                    
>>^>>^>>>>>v>^>#.#<v..^^##v.^...v^^.v....#^>^>>#<^                                                                                                    
>#<<<^<<<<<v<^<<<<<<<<<<<^v.^.#.v^^.v...#v>>>>>>>^                                                                                                    
<^>>>^>>>>>v>>v.#^vv.#.^.^v#^...v^^.v#...#<<^<<^v^                                                                                                    
<^<<<^v<<<vv^vv..^vv>>#^.^v.^...v^>#v...#<<<<<<<<^                                                                                                    
>^>#^^v.^##v^vv..^v#.v.^.^v#^<<<v^#.v....v..^..^v^                                                                                                    
#^.^>^v#<<^v^vv..^v^>v>>#^v.^...#<<<v<<<<v#.^..^#^                                                                                                    
.^.^^^v.v.^v^vv..^v^.v...^v#^#...v..v....##.^..^.^                                                                                                    
>^>^>^v.v#<v<vv>>^>>#v.<<<v#^....v..v.......^>>^>^                                                                                                    
<^<^#^v.v^>v>#v.#^v..v.v#v#<^#...v.#v.#..#..^#<<<<                                                                                                    
#^.^.^v.v^^v..v..^v.#v<<<v<v^....v#.v.....##<^v^>^                                                                                                    
^>>>>><<<<<v#.v>>>>>>>#v.v.v^..##<<<v#.##..#v^v^.^                                                                                                    
>^>^>>v>v^>^..v.#<<<<v^>>v>v^>>>>v#.#v>>>>>>v>v^>^                                                                                                    
.^.^.#v<v^.^..v#..^.#v^v.v#v^<<<<v<<>#.^...^v^v^#^                                                                                                    
.^#^<^v.#<<<<<<^<<<<^>>>>v>>^>>><v>>v>>>#.#^v^v^.^                                                                                                    
#^#^.^v.#v>>>>>>>>>>>>>>>v#v^##.v#^.v<<v^#.^v^v^.^                                                                                                    
<^<^<<<<^#.^..v^..^.^v^v.v^v^>>>v>>>v>>v>>>^v^v^#<                                                                                                    
<^<^<<v<^^#^<<v^..^.^v^>>v>#<...v^^#v<<<<<<<<<v<<<                                                                                                    
>^>>>>v>^#^>>>>>>>>#^v^>>vv##...v^^.v^.#^<<vv>>>>>                                                                                                    
.^...^v.^#^^..v....^^#<<<vv<<<<<<<<^v>>>>>>>#^v>^v                                                                                                    
.^.#.^v#^.^^..v..##<^<<<<v>>v>>>>>>>#^.^^..v.^#.^v                                                                                                    
>^>>>>>>>>>>#.v....#<#vvv#v>v>>>v^>#^>#<<<<v<^^>>>                                                                                                    
.^.#.^v.^.^^>>>>>>>>#<<<<^#^v...v^#<^.^>>>>>>>>#^v                                                                                                    
>^>>>>v>^>>^>>>>>>>>>v^>>>>>v>>>v^>v>#<<<<<v>>#<^v                                                                                                    
.^...^v.^.^^..#<<<<<<v>>>>>>v>>>>>>>>#.....#...v^#                                                                                                    
.^.#.^v.^.^^...v...v#<^v#..^v...v^.#v^....#....v^.                                                                                                    
.^#..^v.^.^^...v...v.v^#...^v>>>>>#.v^...#.....v^.                                                                                                    
.^#..^v>>#<^...v...v>#^#...^....vv^>v>>>>#..#..v^#                                                                                                    
#<^>>>>>>>>>#..v...#v^>>>>>>>>>>>>>>>>#<<<<<<<<<<^                                                                                                    
>#^..^v#v^>v<<<<<<<^#^.####^....#v<<vv^v>>>>^>>>>>                                                                                                    
v#^<<<<^#<<vv<<v<<<<^^>>>>>>>>>>>>>>#v^vv.##<<<<<<                                                                                                    
>>>#v>>>.v.v#..v.###<^<<<<<<<<<<<v<v^>>>>>>>>>>>>>                                                                                                    
